This file contains any messages produced by compilers while
running configure, to aid debugging if configure makes a mistake.

It was created by configure, which was
generated by GNU Autoconf 2.63.  Invocation command line was

  $ ./configure --with-pfring=/usr/local/pf_ring

## --------- ##
## Platform. ##
## --------- ##

hostname = tcpflow121021.cm3
uname -m = x86_64
uname -r = 2.6.32-220.23.1.tb704.el6.x86_64
uname -s = Linux
uname -v = #1 SMP Thu Aug 23 17:16:25 CST 2012

/usr/bin/uname -p = unknown
/bin/uname -X     = unknown

/bin/arch              = x86_64
/usr/bin/arch -k       = unknown
/usr/convex/getsysinfo = unknown
/usr/bin/hostinfo      = unknown
/bin/machine           = unknown
/usr/bin/oslevel       = unknown
/bin/universe          = unknown

PATH: /home/y/bin
PATH: /usr/lib/jvm/java-1.6.0-openjdk-1.6.0.0.x86_64/bin
PATH: /usr/lib/jvm/java-1.6.0-openjdk-1.6.0.0.x86_64/jre/bin
PATH: /usr/local/bin
PATH: /bin
PATH: /usr/bin
PATH: /usr/local/sbin
PATH: /usr/sbin
PATH: /sbin
PATH: /home/detai/bin


## ----------- ##
## Core tests. ##
## ----------- ##

configure:1823: checking for a BSD-compatible install
configure:1891: result: /usr/bin/install -c
configure:1902: checking whether build environment is sane
configure:1962: result: yes
configure:2103: checking for a thread-safe mkdir -p
configure:2142: result: /bin/mkdir -p
configure:2155: checking for gawk
configure:2171: found /bin/gawk
configure:2182: result: gawk
configure:2193: checking whether make sets $(MAKE)
configure:2215: result: yes
configure:2306: checking for --with-pfring option
configure:2320: result: /usr/local/pf_ring
configure:2390: checking for gcc
configure:2406: found /usr/bin/gcc
configure:2417: result: gcc
configure:2649: checking for C compiler version
configure:2657: gcc --version >&5
gcc (GCC) 4.4.5 20110214 (Red Hat 4.4.5-6)
Copyright (C) 2010 Free Software Foundation, Inc.
This is free software; see the source for copying conditions.  There is NO
warranty; not even for MERCHANTABILITY or FITNESS FOR A PARTICULAR PURPOSE.

configure:2661: $? = 0
configure:2668: gcc -v >&5
Using built-in specs.
Target: x86_64-redhat-linux
Configured with: ../configure --prefix=/usr --mandir=/usr/share/man --infodir=/usr/share/info --with-bugurl=http://bugzilla.redhat.com/bugzilla --enable-bootstrap --enable-shared --enable-threads=posix --enable-checking=release --with-system-zlib --enable-__cxa_atexit --disable-libunwind-exceptions --enable-gnu-unique-object --enable-languages=c,c++,objc,obj-c++,java,fortran,ada --enable-java-awt=gtk --disable-dssi --with-java-home=/usr/lib/jvm/java-1.5.0-gcj-1.5.0.0/jre --enable-libgcj-multifile --enable-java-maintainer-mode --with-ecj-jar=/usr/share/java/eclipse-ecj.jar --disable-libjava-multilib --with-ppl --with-cloog --with-tune=generic --with-arch_32=i686 --build=x86_64-redhat-linux
Thread model: posix
gcc version 4.4.5 20110214 (Red Hat 4.4.5-6) (GCC) 
configure:2672: $? = 0
configure:2679: gcc -V >&5
gcc: '-V' option must have argument
configure:2683: $? = 1
configure:2706: checking for C compiler default output file name
configure:2728: gcc  -I/usr/local/pf_ring/include  -I/usr/local/pf_ring/include  conftest.c  -L/usr/local/pf_ring/lib >&5
configure:2732: $? = 0
configure:2770: result: a.out
configure:2789: checking whether the C compiler works
configure:2799: ./a.out
configure:2803: $? = 0
configure:2822: result: yes
configure:2829: checking whether we are cross compiling
configure:2831: result: no
configure:2834: checking for suffix of executables
configure:2841: gcc -o conftest  -I/usr/local/pf_ring/include  -I/usr/local/pf_ring/include  conftest.c  -L/usr/local/pf_ring/lib >&5
configure:2845: $? = 0
configure:2871: result: 
configure:2877: checking for suffix of object files
configure:2903: gcc -c  -I/usr/local/pf_ring/include  -I/usr/local/pf_ring/include conftest.c >&5
configure:2907: $? = 0
configure:2932: result: o
configure:2936: checking whether we are using the GNU C compiler
configure:2965: gcc -c  -I/usr/local/pf_ring/include  -I/usr/local/pf_ring/include conftest.c >&5
configure:2972: $? = 0
configure:2989: result: yes
configure:2998: checking whether gcc accepts -g
configure:3028: gcc -c -g  -I/usr/local/pf_ring/include conftest.c >&5
configure:3035: $? = 0
configure:3136: result: yes
configure:3153: checking for gcc option to accept ISO C89
configure:3227: gcc  -c  -I/usr/local/pf_ring/include  -I/usr/local/pf_ring/include conftest.c >&5
configure:3234: $? = 0
configure:3257: result: none needed
configure:3286: checking for style of include used by make
configure:3314: result: GNU
configure:3339: checking dependency style of gcc
configure:3449: result: gcc3
configure:3630: creating ./config.status

## ---------------------- ##
## Running config.status. ##
## ---------------------- ##

This file was extended by config.status, which was
generated by GNU Autoconf 2.63.  Invocation command line was

  CONFIG_FILES    = 
  CONFIG_HEADERS  = 
  CONFIG_LINKS    = 
  CONFIG_COMMANDS = 
  $ ./config.status 

on tcpflow121021.cm3

config.status:690: creating Makefile
config.status:690: creating src/Makefile
config.status:901: executing depfiles commands

## ---------------- ##
## Cache variables. ##
## ---------------- ##

ac_cv_c_compiler_gnu=yes
ac_cv_env_CC_set=
ac_cv_env_CC_value=
ac_cv_env_CFLAGS_set=
ac_cv_env_CFLAGS_value=
ac_cv_env_CPPFLAGS_set=
ac_cv_env_CPPFLAGS_value=
ac_cv_env_LDFLAGS_set=
ac_cv_env_LDFLAGS_value=
ac_cv_env_LIBS_set=
ac_cv_env_LIBS_value=
ac_cv_env_build_alias_set=
ac_cv_env_build_alias_value=
ac_cv_env_host_alias_set=
ac_cv_env_host_alias_value=
ac_cv_env_target_alias_set=
ac_cv_env_target_alias_value=
ac_cv_objext=o
ac_cv_path_install='/usr/bin/install -c'
ac_cv_path_mkdir=/bin/mkdir
ac_cv_prog_AWK=gawk
ac_cv_prog_ac_ct_CC=gcc
ac_cv_prog_cc_c89=
ac_cv_prog_cc_g=yes
ac_cv_prog_make_make_set=yes
am_cv_CC_dependencies_compiler_type=gcc3

## ----------------- ##
## Output variables. ##
## ----------------- ##

ACLOCAL='${SHELL} /home/detai/pfring_tools/missing --run aclocal-1.11'
AMDEPBACKSLASH='\'
AMDEP_FALSE='#'
AMDEP_TRUE=''
AMTAR='${SHELL} /home/detai/pfring_tools/missing --run tar'
AUTOCONF='${SHELL} /home/detai/pfring_tools/missing --run autoconf'
AUTOHEADER='${SHELL} /home/detai/pfring_tools/missing --run autoheader'
AUTOMAKE='${SHELL} /home/detai/pfring_tools/missing --run automake-1.11'
AWK='gawk'
CC='gcc'
CCDEPMODE='depmode=gcc3'
CFLAGS=' -I/usr/local/pf_ring/include'
CPPFLAGS=' -I/usr/local/pf_ring/include'
CYGPATH_W='echo'
DEFS='-DPACKAGE_NAME=\"\" -DPACKAGE_TARNAME=\"\" -DPACKAGE_VERSION=\"\" -DPACKAGE_STRING=\"\" -DPACKAGE_BUGREPORT=\"\" -DPACKAGE=\"pfring_tools\" -DVERSION=\"0.1\"'
DEPDIR='.deps'
ECHO_C=''
ECHO_N='-n'
ECHO_T=''
EXEEXT=''
INSTALL_DATA='${INSTALL} -m 644'
INSTALL_PROGRAM='${INSTALL}'
INSTALL_SCRIPT='${INSTALL}'
INSTALL_STRIP_PROGRAM='$(install_sh) -c -s'
LDFLAGS=''
LIBOBJS=''
LIBS=' -L/usr/local/pf_ring/lib'
LTLIBOBJS=''
MAKEINFO='${SHELL} /home/detai/pfring_tools/missing --run makeinfo'
MKDIR_P='/bin/mkdir -p'
OBJEXT='o'
PACKAGE='pfring_tools'
PACKAGE_BUGREPORT=''
PACKAGE_NAME=''
PACKAGE_STRING=''
PACKAGE_TARNAME=''
PACKAGE_VERSION=''
PATH_SEPARATOR=':'
SET_MAKE=''
SHELL='/bin/sh'
STRIP=''
VERSION='0.1'
ac_ct_CC='gcc'
am__EXEEXT_FALSE=''
am__EXEEXT_TRUE='#'
am__fastdepCC_FALSE='#'
am__fastdepCC_TRUE=''
am__include='include'
am__isrc=''
am__leading_dot='.'
am__quote=''
am__tar='${AMTAR} chof - "$$tardir"'
am__untar='${AMTAR} xf -'
bindir='${exec_prefix}/bin'
build_alias=''
datadir='${datarootdir}'
datarootdir='${prefix}/share'
docdir='${datarootdir}/doc/${PACKAGE}'
dvidir='${docdir}'
exec_prefix='${prefix}'
host_alias=''
htmldir='${docdir}'
includedir='${prefix}/include'
infodir='${datarootdir}/info'
install_sh='${SHELL} /home/detai/pfring_tools/install-sh'
libdir='${exec_prefix}/lib'
libexecdir='${exec_prefix}/libexec'
localedir='${datarootdir}/locale'
localstatedir='${prefix}/var'
mandir='${datarootdir}/man'
mkdir_p='/bin/mkdir -p'
oldincludedir='/usr/include'
pdfdir='${docdir}'
prefix='/usr/local'
program_transform_name='s,x,x,'
psdir='${docdir}'
sbindir='${exec_prefix}/sbin'
sharedstatedir='${prefix}/com'
sysconfdir='${prefix}/etc'
target_alias=''

## ----------- ##
## confdefs.h. ##
## ----------- ##

#define PACKAGE_NAME ""
#define PACKAGE_TARNAME ""
#define PACKAGE_VERSION ""
#define PACKAGE_STRING ""
#define PACKAGE_BUGREPORT ""
#define PACKAGE "pfring_tools"
#define VERSION "0.1"

configure: exit 0

## ---------------------- ##
## Running config.status. ##
## ---------------------- ##

This file was extended by config.status, which was
generated by GNU Autoconf 2.63.  Invocation command line was

  CONFIG_FILES    = 
  CONFIG_HEADERS  = 
  CONFIG_LINKS    = 
  CONFIG_COMMANDS = 
  $ ./config.status src/Makefile depfiles

on tcpflow121021.cm3

config.status:690: creating src/Makefile
config.status:901: executing depfiles commands
